<?xml version="1.0" encoding="UTF-8"?>
<!-- Generated by org.testng.reporters.JUnitReportReporter -->
<testsuite hostname="DESKTOP-PSPSVDJ" failures="0" tests="1" name="restAssured.API.dynamicAPI" time="5.108" errors="0" timestamp="2023-01-23T14:07:53 EST" skipped="0">
  <testcase classname="restAssured.API.dynamicAPI" name="payloadFromLinks" time="5.108"/>
  <system-out/>
</testsuite> <!-- restAssured.API.dynamicAPI -->
