<?xml version="1.0" encoding="UTF-8"?>
<!-- Generated by org.testng.reporters.JUnitReportReporter -->
<testsuite hostname="DESKTOP-PSPSVDJ" failures="0" tests="1" name="jiraAPI.deleteIssue" time="0.213" errors="0" timestamp="2023-01-24T21:42:32 EST" skipped="0">
  <testcase classname="jiraAPI.deleteIssue" name="deleteIssued" time="0.213"/>
  <system-out/>
</testsuite> <!-- jiraAPI.deleteIssue -->
