<?xml version="1.0" encoding="UTF-8"?>
<!-- Generated by org.testng.reporters.JUnitReportReporter -->
<testsuite hostname="DESKTOP-PSPSVDJ" failures="0" tests="2" name="API_E2E.login" time="7.845" errors="0" timestamp="2023-01-31T18:54:15 EST" skipped="0">
  <testcase classname="API_E2E.login" name="loginTC" time="6.147"/>
  <system-out/>
  <testcase classname="API_E2E.login" name="createProductTC" time="1.698"/>
  <system-out/>
</testsuite> <!-- API_E2E.login -->
