<?xml version="1.0" encoding="UTF-8"?>
<!-- Generated by org.testng.reporters.JUnitReportReporter -->
<testsuite hostname="DESKTOP-PSPSVDJ" failures="0" tests="1" name="jiraAPI.editIssue" time="0.160" errors="0" timestamp="2023-01-25T11:59:51 EST" skipped="0">
  <testcase classname="jiraAPI.editIssue" name="editIssued" time="0.160"/>
  <system-out/>
</testsuite> <!-- jiraAPI.editIssue -->
