<?xml version="1.0" encoding="UTF-8"?>
<!-- Generated by org.testng.reporters.JUnitReportReporter -->
<testsuite hostname="DESKTOP-PSPSVDJ" failures="0" tests="3" name="reqRespSpec.reqres" time="6.295" errors="0" timestamp="2023-01-27T18:29:05 EST" skipped="0">
  <testcase classname="reqRespSpec.reqres" name="addplace" time="3.568"/>
  <system-out/>
  <testcase classname="reqRespSpec.reqres" name="updatepla" time="1.553"/>
  <system-out/>
  <testcase classname="reqRespSpec.reqres" name="getpla" time="1.174"/>
  <system-out/>
</testsuite> <!-- reqRespSpec.reqres -->
