<?xml version="1.0" encoding="UTF-8"?>
<!-- Generated by org.testng.reporters.JUnitReportReporter -->
<testsuite hostname="DESKTOP-PSPSVDJ" failures="0" tests="1" name="jiraAPI.cookieAuth" time="3.160" errors="0" timestamp="2023-01-24T17:43:00 EST" skipped="0">
  <testcase classname="jiraAPI.cookieAuth" name="session" time="3.160"/>
  <system-out/>
</testsuite> <!-- jiraAPI.cookieAuth -->
