<?xml version="1.0" encoding="UTF-8"?>
<!-- Generated by org.testng.reporters.JUnitReportReporter -->
<testsuite hostname="DESKTOP-PSPSVDJ" failures="0" tests="5" name="API_E2E.eCommerceE2E" time="10.659" errors="0" timestamp="2023-01-31T22:19:35 EST" skipped="0">
  <testcase classname="API_E2E.eCommerceE2E" name="loginTC" time="5.272"/>
  <system-out/>
  <testcase classname="API_E2E.eCommerceE2E" name="createProductTC" time="1.398"/>
  <system-out/>
  <testcase classname="API_E2E.eCommerceE2E" name="viewProductTC" time="0.923"/>
  <system-out/>
  <testcase classname="API_E2E.eCommerceE2E" name="purchaseProductTC" time="2.214"/>
  <system-out/>
  <testcase classname="API_E2E.eCommerceE2E" name="deleteProductTC" time="0.852"/>
  <system-out/>
</testsuite> <!-- API_E2E.eCommerceE2E -->
