<?xml version="1.0" encoding="UTF-8"?>
<!-- Generated by org.testng.reporters.JUnitReportReporter -->
<testsuite hostname="DESKTOP-PSPSVDJ" failures="0" tests="4" name="restAssured.API.dynamicAPI" time="6.374" errors="0" timestamp="2023-01-24T17:04:30 EST" skipped="0">
  <testcase classname="restAssured.API.dynamicAPI" name="DynamicJSON" time="0.941"/>
  <system-out/>
  <testcase classname="restAssured.API.dynamicAPI" name="DynamicJSON" time="0.921"/>
  <system-out/>
  <testcase classname="restAssured.API.dynamicAPI" name="payloadFromLinks" time="0.802"/>
  <system-out/>
  <testcase classname="restAssured.API.dynamicAPI" name="DynamicJSON" time="3.710"/>
  <system-out/>
</testsuite> <!-- restAssured.API.dynamicAPI -->
