<?xml version="1.0" encoding="UTF-8"?>
<!-- Generated by org.testng.reporters.JUnitReportReporter -->
<testsuite hostname="DESKTOP-PSPSVDJ" failures="0" tests="2" name="files.compleJSONParse" time="2.066" errors="0" timestamp="2023-01-22T22:40:59 EST" skipped="0">
  <testcase classname="files.compleJSONParse" name="compl" time="1.908"/>
  <system-out/>
  <testcase classname="files.compleJSONParse" name="sumval" time="0.158"/>
  <system-out/>
</testsuite> <!-- files.compleJSONParse -->
