<?xml version="1.0" encoding="UTF-8"?>
<!-- Generated by org.testng.reporters.JUnitReportReporter -->
<testsuite hostname="DESKTOP-PSPSVDJ" failures="0" tests="1" name="API_E2E.login" time="3.902" errors="0" timestamp="2023-01-30T21:44:26 EST" skipped="0">
  <testcase classname="API_E2E.login" name="loginTC" time="3.902"/>
  <system-out/>
</testsuite> <!-- API_E2E.login -->
